2023-07/21/-09:28:57.246   INFO  SourceLogger - {"Devicetime":"20360708092413","Clientime":"20230721092847","value":"FDFD0040A32038363932393830353838313031393300000000B101021F4F02463939393939AAAAAAAA0176A6280F321C500EB03000030E100DF70CF02B9BFEFE"}
2023-07/21/-09:28:57.252   INFO  SourceLogger - {"Devicetime":"20360708092413","Clientime":"20230721092747","value":"FDFD0040A32038363932393830353837383533373900000000B101021F4F02463939393939AAAAAAAA0176A6280F321C500EB03000030E100DF70CF0C2DDFEFE"}
2023-07/21/-09:28:57.273   INFO  SourceLogger - {"Devicetime":"20360708092413","Clientime":"20230721093549","value":"FDFD0040A32038363932393830353837393739323900000000B101021F4F02463939393939AAAAAAAA0176A6280F321C500EB03000030E100DF70CF018C7FEFE"}
2023-07/21/-09:28:57.274   INFO  SourceLogger - {"Devicetime":"20360708092413","Clientime":"20230721092833","value":"FDFD0040A32038363932393830353837363737303800000000B101021F4F02463939393939AAAAAAAA0176A6280F321C500EB03000030E100DF70CF07236FEFE"}
2023-07/21/-09:29:03.289   INFO  SourceLogger - {"Devicetime":"20360708092346","Clientime":"20230721092839","value":"FDFD0040A32038363932393830353837363737303800000000B101036C4401E03939393939AAAAAAAA0176A6280F301A500EB83100030E740E610E9F53FCFEFE"}
2023-07/21/-09:29:03.308   INFO  SourceLogger - {"Devicetime":"20360708092346","Clientime":"20230721092853","value":"FDFD0040A32038363932393830353838313031393300000000B101036C4401E03939393939AAAAAAAA0176A6280F301A500EB83100030E740E610E9F0A51FEFE"}
2023-07/21/-09:29:03.308   INFO  SourceLogger - {"Devicetime":"20360708092346","Clientime":"20230721092753","value":"FDFD0040A32038363932393830353837383533373900000000B101036C4401E03939393939AAAAAAAA0176A6280F301A500EB83100030E740E610E9FE317FEFE"}
2023-07/21/-09:29:03.309   INFO  SourceLogger - {"Devicetime":"20360708092346","Clientime":"20230721093555","value":"FDFD0040A32038363932393830353837393739323900000000B101036C4401E03939393939AAAAAAAA0176A6280F301A500EB83100030E740E610E9F390DFEFE"}
2023-07/21/-09:31:25.793   INFO  SourceLogger - {"Devicetime":"20360708092604","Clientime":"20230721093111","value":"FDFD0040A32038363932393830353838313031393300000000B101036C5E01E03939393939AAAAAAAA0176A62818452F500EBC3100030DDE0D930D41A22BFEFE"}
2023-07/21/-09:31:25.799   INFO  SourceLogger - {"Devicetime":"20360708092604","Clientime":"20230721093005","value":"FDFD0040A32038363932393830353837383533373900000000B101036C5E01E03939393939AAAAAAAA0176A62818452F500EBC3100030DDE0D930D414B6DFEFE"}
2023-07/21/-09:31:25.812   INFO  SourceLogger - {"Devicetime":"20360708092604","Clientime":"20230721093825","value":"FDFD0040A32038363932393830353837393739323900000000B101036C5E01E03939393939AAAAAAAA0176A62818452F500EBC3100030DDE0D930D419177FEFE"}
2023-07/21/-09:31:25.813   INFO  SourceLogger - {"Devicetime":"20360708092604","Clientime":"20230721093059","value":"FDFD0040A32038363932393830353837363737303800000000B101036C5E01E03939393939AAAAAAAA0176A62818452F500EBC3100030DDE0D930D41FB86FEFE"}
2023-07/21/-09:31:29.481   INFO  SourceLogger - {"Devicetime":"20360708092605","Clientime":"20230721093115","value":"FDFD0040A32038363932393830353838313031393300000000B101036C4C01E03939393939AAAAAAAA0176A6280F5016500EA42E00030E420E5B0DEAB81FFEFE"}
2023-07/21/-09:31:29.481   INFO  SourceLogger - {"Devicetime":"20360708092605","Clientime":"20230721093102","value":"FDFD0040A32038363932393830353837363737303800000000B101036C4C01E03939393939AAAAAAAA0176A6280F5016500EA42E00030E420E5B0DEAE1B2FEFE"}
2023-07/21/-09:31:29.484   INFO  SourceLogger - {"Devicetime":"20360708092605","Clientime":"20230721093829","value":"FDFD0040A32038363932393830353837393739323900000000B101036C4C01E03939393939AAAAAAAA0176A6280F5016500EA42E00030E420E5B0DEA8B43FEFE"}
2023-07/21/-09:31:29.484   INFO  SourceLogger - {"Devicetime":"20360708092605","Clientime":"20230721093009","value":"FDFD0040A32038363932393830353837383533373900000000B101036C4C01E03939393939AAAAAAAA0176A6280F5016500EA42E00030E420E5B0DEA5159FEFE"}
2023-07/21/-09:32:18.932   INFO  SourceLogger - {"Devicetime":"20360708092309","Clientime":"20230721093202","value":"FDFD0040A32038363932393830353838313031393300000000B101005B5001E03939393939AAAAAAAA0176A628135F46500EA82F00030C730CB20D032812FEFE"}
2023-07/21/-09:32:18.952   INFO  SourceLogger - {"Devicetime":"20360708092309","Clientime":"20230721093151","value":"FDFD0040A32038363932393830353837363737303800000000B101005B5001E03939393939AAAAAAAA0176A628135F46500EA82F00030C730CB20D0371BFFEFE"}
2023-07/21/-09:32:18.963   INFO  SourceLogger - {"Devicetime":"20360708092309","Clientime":"20230721093055","value":"FDFD0040A32038363932393830353837383533373900000000B101005B5001E03939393939AAAAAAAA0176A628135F46500EA82F00030C730CB20D03C154FEFE"}
2023-07/21/-09:32:18.965   INFO  SourceLogger - {"Devicetime":"20360708092309","Clientime":"20230721093921","value":"FDFD0040A32038363932393830353837393739323900000000B101005B5001E03939393939AAAAAAAA0176A628135F46500EA82F00030C730CB20D031B4EFEFE"}
2023-07/21/-09:32:41.339   INFO  SourceLogger - {"Devicetime":"20360707092949","Clientime":"20230721093944","value":"FDFD0040A32038363932393830353837393739323900000000B10101375701E03939393939AAAAAAAA0176A628136141500ED63400030DA50D930D617C0DFEFE"}
2023-07/21/-09:32:41.352   INFO  SourceLogger - {"Devicetime":"20360707092949","Clientime":"20230721093116","value":"FDFD0040A32038363932393830353837383533373900000000B10101375701E03939393939AAAAAAAA0176A628136141500ED63400030DA50D930D61A617FEFE"}
2023-07/21/-09:32:41.380   INFO  SourceLogger - {"Devicetime":"20360707092949","Clientime":"20230721093224","value":"FDFD0040A32038363932393830353838313031393300000000B10101375701E03939393939AAAAAAAA0176A628136141500ED63400030DA50D930D614F51FEFE"}
2023-07/21/-09:32:43.052   INFO  SourceLogger - {"Devicetime":"20360707092949","Clientime":"20230721093215","value":"FDFD0040A32038363932393830353837363737303800000000B10101375701E03939393939AAAAAAAA0176A628136141500ED63400030DA50D930D6116FCFEFE"}
2023-07/21/-09:32:58.038   INFO  SourceLogger - {"Devicetime":"20360708093102","Clientime":"20230721093240","value":"FDFD0040A32038363932393830353838313031393300000000B10101210A01E03939393939AAAAAAAA0176A628134842500EB83000030DAC0D800CCB46FAFEFE"}
2023-07/21/-09:32:58.042   INFO  SourceLogger - {"Devicetime":"20360708093102","Clientime":"20230721093131","value":"FDFD0040A32038363932393830353837383533373900000000B10101210A01E03939393939AAAAAAAA0176A628134842500EB83000030DAC0D800CCBAFBCFEFE"}
2023-07/21/-09:32:58.056   INFO  SourceLogger - {"Devicetime":"20360708093102","Clientime":"20230721094002","value":"FDFD0040A32038363932393830353837393739323900000000B10101210A01E03939393939AAAAAAAA0176A628134842500EB83000030DAC0D800CCB75A6FEFE"}
2023-07/21/-09:32:58.073   INFO  SourceLogger - {"Devicetime":"20360708093102","Clientime":"20230721093229","value":"FDFD0040A32038363932393830353837363737303800000000B10101210A01E03939393939AAAAAAAA0176A628134842500EB83000030DAC0D800CCB1F57FEFE"}
2023-07/21/-09:33:57.955   INFO  SourceLogger - {"Devicetime":"20360708093108","Clientime":"20230721093338","value":"FDFD0040A32038363932393830353838313031393300000000B101036C5801E03939393939AAAAAAAA0176A628133C27500EBE3100030E220E9F0E1CB698FEFE"}
2023-07/21/-09:33:57.962   INFO  SourceLogger - {"Devicetime":"20360708093108","Clientime":"20230721094105","value":"FDFD0040A32038363932393830353837393739323900000000B101036C5801E03939393939AAAAAAAA0176A628133C27500EBE3100030E220E9F0E1C85C4FEFE"}
2023-07/21/-09:33:57.967   INFO  SourceLogger - {"Devicetime":"20360708093108","Clientime":"20230721093227","value":"FDFD0040A32038363932393830353837383533373900000000B101036C5801E03939393939AAAAAAAA0176A628133C27500EBE3100030E220E9F0E1C5FDEFEFE"}
2023-07/21/-09:33:57.990   INFO  SourceLogger - {"Devicetime":"20360708093108","Clientime":"20230721093328","value":"FDFD0040A32038363932393830353837363737303800000000B101036C5801E03939393939AAAAAAAA0176A628133C27500EBE3100030E220E9F0E1CEF35FEFE"}
2023-07/21/-09:34:13.349   INFO  SourceLogger - {"Devicetime":"20360708092847","Clientime":"20230721093353","value":"FDFD0040A32038363932393830353838313031393300000000B101036C4A01E03939393939AAAAAAAA0176A6280E3716500EC03100030E1C0E610E5BA372FEFE"}
2023-07/21/-09:34:13.448   INFO  SourceLogger - {"Devicetime":"20360708092847","Clientime":"20230721093241","value":"FDFD0040A32038363932393830353837383533373900000000B101036C4A01E03939393939AAAAAAAA0176A6280E3716500EC03100030E1C0E610E5B4A34FEFE"}
2023-07/21/-09:34:13.459   INFO  SourceLogger - {"Devicetime":"20360708092847","Clientime":"20230721093343","value":"FDFD0040A32038363932393830353837363737303800000000B101036C4A01E03939393939AAAAAAAA0176A6280E3716500EC03100030E1C0E610E5BFADFFEFE"}
2023-07/21/-09:34:13.461   INFO  SourceLogger - {"Devicetime":"20360708092847","Clientime":"20230721094121","value":"FDFD0040A32038363932393830353837393739323900000000B101036C4A01E03939393939AAAAAAAA0176A6280E3716500EC03100030E1C0E610E5B902EFEFE"}
2023-07/21/-09:34:17.674   INFO  SourceLogger - {"Devicetime":"20360707093121","Clientime":"20230721093357","value":"FDFD0040A32038363932393830353838313031393300000000B10100326301E03939393939AAAAAAAA0176A62813144C500EC63200030D160C790C86AF97FEFE"}
2023-07/21/-09:34:17.676   INFO  SourceLogger - {"Devicetime":"20360707093121","Clientime":"20230721094126","value":"FDFD0040A32038363932393830353837393739323900000000B10100326301E03939393939AAAAAAAA0176A62813144C500EC63200030D160C790C869CCBFEFE"}
2023-07/21/-09:34:17.682   INFO  SourceLogger - {"Devicetime":"20360707093121","Clientime":"20230721093245","value":"FDFD0040A32038363932393830353837383533373900000000B10100326301E03939393939AAAAAAAA0176A62813144C500EC63200030D160C790C8646D1FEFE"}
2023-07/21/-09:34:17.684   INFO  SourceLogger - {"Devicetime":"20360707093121","Clientime":"20230721093348","value":"FDFD0040A32038363932393830353837363737303800000000B10100326301E03939393939AAAAAAAA0176A62813144C500EC63200030D160C790C86F63AFEFE"}
2023-07/21/-10:05:17.924   INFO  SourceLogger - {"Devicetime":"20360708095348","Clientime":"20230721100356","value":"FDFD0040A32038363932393830353838313031393300000000B10103464B01E03939393939AAAAAAAA0176A62813603B500EAE2F00030D350DD10D7A9A74FEFE"}
2023-07/21/-10:05:17.939   INFO  SourceLogger - {"Devicetime":"20360708095348","Clientime":"20230721100134","value":"FDFD0040A32038363932393830353837383533373900000000B10103464B01E03939393939AAAAAAAA0176A62813603B500EAE2F00030D350DD10D7A7332FEFE"}
2023-07/21/-10:05:17.950   INFO  SourceLogger - {"Devicetime":"20360708095348","Clientime":"20230721100517","value":"FDFD0040A32038363932393830353837393739323900000000B10103464B01E03939393939AAAAAAAA0176A62813603B500EAE2F00030D350DD10D7AA928FEFE"}
2023-07/21/-10:05:17.950   INFO  SourceLogger - {"Devicetime":"20360708095348","Clientime":"20230721100415","value":"FDFD0040A32038363932393830353837363737303800000000B10103464B01E03939393939AAAAAAAA0176A62813603B500EAE2F00030D350DD10D7AC3D9FEFE"}
2023-07/21/-10:12:23.517   INFO  SourceLogger - {"Devicetime":"20360707101003","Clientime":"20230721101047","value":"FDFD0040A32038363932393830353838313031393300000000B10100005901E03939393939AAAAAAAA0176A6280F5A4F500ECA320003085F0840080E7130FEFE"}
2023-07/21/-10:12:23.520   INFO  SourceLogger - {"Devicetime":"20360707101003","Clientime":"20230721101245","value":"FDFD0040A32038363932393830353837393739323900000000B10100005901E03939393939AAAAAAAA0176A6280F5A4F500ECA320003085F0840080E426CFEFE"}
2023-07/21/-10:12:23.533   INFO  SourceLogger - {"Devicetime":"20360707101003","Clientime":"20230721101114","value":"FDFD0040A32038363932393830353837363737303800000000B10100005901E03939393939AAAAAAAA0176A6280F5A4F500ECA320003085F0840080E289DFEFE"}
2023-07/21/-10:12:23.533   INFO  SourceLogger - {"Devicetime":"20360707101003","Clientime":"20230721100810","value":"FDFD0040A32038363932393830353837383533373900000000B10100005901E03939393939AAAAAAAA0176A6280F5A4F500ECA320003085F0840080E9876FEFE"}
2023-07/21/-10:15:42.043   INFO  SourceLogger - {"Devicetime":"20360708101517","Clientime":"20230721101359","value":"FDFD0040A32038363932393830353838313031393300000000B10103510A01E03939393939AAAAAAAA0176A6280F1D1B500EAE2F00030D090CD10CC455D7FEFE"}
2023-07/21/-10:15:42.048   INFO  SourceLogger - {"Devicetime":"20360708101517","Clientime":"20230721101613","value":"FDFD0040A32038363932393830353837393739323900000000B10103510A01E03939393939AAAAAAAA0176A6280F1D1B500EAE2F00030D090CD10CC4668BFEFE"}
2023-07/21/-10:15:42.061   INFO  SourceLogger - {"Devicetime":"20360708101517","Clientime":"20230721101429","value":"FDFD0040A32038363932393830353837363737303800000000B10103510A01E03939393939AAAAAAAA0176A6280F1D1B500EAE2F00030D090CD10CC40C7AFEFE"}
2023-07/21/-10:15:42.062   INFO  SourceLogger - {"Devicetime":"20360708101517","Clientime":"20230721101115","value":"FDFD0040A32038363932393830353837383533373900000000B10103510A01E03939393939AAAAAAAA0176A6280F1D1B500EAE2F00030D090CD10CC4BC91FEFE"}
2023-07/21/-10:22:57.526   INFO  SourceLogger - {"Devicetime":"20360708101124","Clientime":"20230721102351","value":"FDFD0040A32038363932393830353837393739323900000000B10102544F02A83939393939AAAAAAAA0176A6280F0C1A500EAE3000030808081B080E7A44FEFE"}
2023-07/21/-10:22:57.532   INFO  SourceLogger - {"Devicetime":"20360708101124","Clientime":"20230721101759","value":"FDFD0040A32038363932393830353837383533373900000000B10102544F02A83939393939AAAAAAAA0176A6280F0C1A500EAE3000030808081B080EA05EFEFE"}
2023-07/21/-10:22:57.547   INFO  SourceLogger - {"Devicetime":"20360708101124","Clientime":"20230721102100","value":"FDFD0040A32038363932393830353838313031393300000000B10102544F02A83939393939AAAAAAAA0176A6280F0C1A500EAE3000030808081B080E4918FEFE"}
2023-07/21/-10:22:57.548   INFO  SourceLogger - {"Devicetime":"20360708101124","Clientime":"20230721102137","value":"FDFD0040A32038363932393830353837363737303800000000B10102544F02A83939393939AAAAAAAA0176A6280F0C1A500EAE3000030808081B080E10B5FEFE"}
2023-07/21/-10:23:30.139   INFO  SourceLogger - {"Devicetime":"20360708102256","Clientime":"20230721101830","value":"FDFD0040A32038363932393830353837383533373900000000B10103514D01E03939393939AAAAAAAA0176A6280F3854500EA22E00030DEA0D8C0D221E3CFEFE"}
2023-07/21/-10:23:30.143   INFO  SourceLogger - {"Devicetime":"20360708102256","Clientime":"20230721102425","value":"FDFD0040A32038363932393830353837393739323900000000B10103514D01E03939393939AAAAAAAA0176A6280F3854500EA22E00030DEA0D8C0D22C426FEFE"}
2023-07/21/-10:23:30.150   INFO  SourceLogger - {"Devicetime":"20360708102256","Clientime":"20230721102209","value":"FDFD0040A32038363932393830353837363737303800000000B10103514D01E03939393939AAAAAAAA0176A6280F3854500EA22E00030DEA0D8C0D22AED7FEFE"}
2023-07/21/-10:26:26.082   INFO  SourceLogger - {"Devicetime":"20360707102147","Clientime":"20230721102422","value":"FDFD0040A32038363932393830353838313031393300000000B101034D0A01E03939393939AAAAAAAA0176A628100E41500EBE310003086C080208B1108FFEFE"}
2023-07/21/-10:26:26.087   INFO  SourceLogger - {"Devicetime":"20360707102147","Clientime":"20230721102730","value":"FDFD0040A32038363932393830353837393739323900000000B101034D0A01E03939393939AAAAAAAA0176A628100E41500EBE310003086C080208B123D3FEFE"}
2023-07/21/-10:26:26.099   INFO  SourceLogger - {"Devicetime":"20360707102147","Clientime":"20230721102502","value":"FDFD0040A32038363932393830353837363737303800000000B101034D0A01E03939393939AAAAAAAA0176A628100E41500EBE310003086C080208B14922FEFE"}
2023-07/21/-10:26:26.100   INFO  SourceLogger - {"Devicetime":"20360707102147","Clientime":"20230721102113","value":"FDFD0040A32038363932393830353837383533373900000000B101034D0A01E03939393939AAAAAAAA0176A628100E41500EBE310003086C080208B1F9C9FEFE"}
2023-07/21/-10:26:26.287   INFO  SourceLogger - {"Devicetime":"20360707102147","Clientime":"20230721102422","value":"FDFD0040A32038363932393830353838313031393300000000B101034D0A01E03939393939AAAAAAAA0176A628100E41500EBE310003086C080208B1108FFEFE"}
2023-07/21/-10:26:26.305   INFO  SourceLogger - {"Devicetime":"20360707102147","Clientime":"20230721102730","value":"FDFD0040A32038363932393830353837393739323900000000B101034D0A01E03939393939AAAAAAAA0176A628100E41500EBE310003086C080208B123D3FEFE"}
2023-07/21/-10:26:26.338   INFO  SourceLogger - {"Devicetime":"20360707102147","Clientime":"20230721102502","value":"FDFD0040A32038363932393830353837363737303800000000B101034D0A01E03939393939AAAAAAAA0176A628100E41500EBE310003086C080208B14922FEFE"}
2023-07/21/-10:26:26.340   INFO  SourceLogger - {"Devicetime":"20360707102147","Clientime":"20230721102113","value":"FDFD0040A32038363932393830353837383533373900000000B101034D0A01E03939393939AAAAAAAA0176A628100E41500EBE310003086C080208B1F9C9FEFE"}
2023-07/21/-10:26:59.117   INFO  SourceLogger - {"Devicetime":"20360707102219","Clientime":"20230721102454","value":"FDFD0040A32038363932393830353838313031393300000000B10103504201E03939393939AAAAAAAA0176A62815501D500EC63200030DE40E090DAC1D2EFEFE"}
2023-07/21/-10:26:59.120   INFO  SourceLogger - {"Devicetime":"20360707102219","Clientime":"20230721102805","value":"FDFD0040A32038363932393830353837393739323900000000B10103504201E03939393939AAAAAAAA0176A62815501D500EC63200030DE40E090DAC2E72FEFE"}
2023-07/21/-10:26:59.182   INFO  SourceLogger - {"Devicetime":"20360707102219","Clientime":"20230721102144","value":"FDFD0040A32038363932393830353837383533373900000000B10103504201E03939393939AAAAAAAA0176A62815501D500EC63200030DE40E090DACF468FEFE"}
2023-07/21/-10:26:59.208   INFO  SourceLogger - {"Devicetime":"20360707102219","Clientime":"20230721102534","value":"FDFD0040A32038363932393830353837363737303800000000B10103504201E03939393939AAAAAAAA0176A62815501D500EC63200030DE40E090DAC4483FEFE"}
2023-07/21/-10:28:31.606   INFO  SourceLogger - {"Devicetime":"20360708102753","Clientime":"20230721102310","value":"FDFD0040A32038363932393830353837383533373900000000B10103515901E03939393939AAAAAAAA0176A6280E2A1A500E982D00030CE40D3B0D169C59FEFE"}
2023-07/21/-10:28:31.611   INFO  SourceLogger - {"Devicetime":"20360708102753","Clientime":"20230721102623","value":"FDFD0040A32038363932393830353838313031393300000000B10103515901E03939393939AAAAAAAA0176A6280E2A1A500E982D00030CE40D3B0D16751FFEFE"}
2023-07/21/-10:28:31.622   INFO  SourceLogger - {"Devicetime":"20360708102753","Clientime":"20230721102705","value":"FDFD0040A32038363932393830353837363737303800000000B10103515901E03939393939AAAAAAAA0176A6280E2A1A500E982D00030CE40D3B0D162CB2FEFE"}
2023-07/21/-10:28:31.622   INFO  SourceLogger - {"Devicetime":"20360708102753","Clientime":"20230721102942","value":"FDFD0040A32038363932393830353837393739323900000000B10103515901E03939393939AAAAAAAA0176A6280E2A1A500E982D00030CE40D3B0D164643FEFE"}
2023-07/21/-10:29:17.102   INFO  SourceLogger - {"Devicetime":"20360707102432","Clientime":"20230721102750","value":"FDFD0040A32038363932393830353837363737303800000000B10101975E01E03939393939AAAAAAAA0176A628135743500EA02E00030D670D990D3B4DD5FEFE"}
2023-07/21/-10:29:17.104   INFO  SourceLogger - {"Devicetime":"20360707102432","Clientime":"20230721103030","value":"FDFD0040A32038363932393830353837393739323900000000B10101975E01E03939393939AAAAAAAA0176A628135743500EA02E00030D670D990D3B2724FEFE"}
2023-07/21/-10:29:34.752   INFO  SourceLogger - {"Devicetime":"20360707102656","Clientime":"20230721102724","value":"FDFD0040A32038363932393830353838313031393300000000B101011C6001E03939393939AAAAAAAA0176A62815473E500EAC2F00030AF00BDD0D1601FFFEFE"}
2023-07/21/-10:29:34.765   INFO  SourceLogger - {"Devicetime":"20360707102656","Clientime":"20230721102409","value":"FDFD0040A32038363932393830353837383533373900000000B101011C6001E03939393939AAAAAAAA0176A62815473E500EAC2F00030AF00BDD0D16E8B9FEFE"}
2023-07/21/-10:29:34.780   INFO  SourceLogger - {"Devicetime":"20360707102656","Clientime":"20230721103049","value":"FDFD0040A32038363932393830353837393739323900000000B101011C6001E03939393939AAAAAAAA0176A62815473E500EAC2F00030AF00BDD0D1632A3FEFE"}
2023-07/21/-10:29:34.798   INFO  SourceLogger - {"Devicetime":"20360707102656","Clientime":"20230721102807","value":"FDFD0040A32038363932393830353837363737303800000000B101011C6001E03939393939AAAAAAAA0176A62815473E500EAC2F00030AF00BDD0D165852FEFE"}
2023-07/21/-10:33:38.534   INFO  SourceLogger - {"Devicetime":"20360708103220","Clientime":"20230721103120","value":"FDFD0040A32038363932393830353838313031393300000000B10103510A01E03939393939AAAAAAAA0176A628153428500E9C2D0003082108780A411691FEFE"}
2023-07/21/-10:33:38.538   INFO  SourceLogger - {"Devicetime":"20360708103220","Clientime":"20230721103207","value":"FDFD0040A32038363932393830353837363737303800000000B10103510A01E03939393939AAAAAAAA0176A628153428500E9C2D0003082108780A414F3CFEFE"}
2023-07/21/-10:33:52.644   INFO  SourceLogger - {"Devicetime":"20360708103234","Clientime":"20230721103520","value":"FDFD0040A32038363932393830353837393739323900000000B10100DE4D01E03939393939AAAAAAAA0176A6280F2D1D500EC43200030E3B0E540E4E24BEFEFE"}
2023-07/21/-10:33:52.645   INFO  SourceLogger - {"Devicetime":"20360708103234","Clientime":"20230721103134","value":"FDFD0040A32038363932393830353838313031393300000000B10100DE4D01E03939393939AAAAAAAA0176A6280F2D1D500EC43200030E3B0E540E4E17E2FEFE"}
2023-07/21/-10:33:52.654   INFO  SourceLogger - {"Devicetime":"20360708103234","Clientime":"20230721102808","value":"FDFD0040A32038363932393830353837383533373900000000B10100DE4D01E03939393939AAAAAAAA0176A6280F2D1D500EC43200030E3B0E540E4EFEA4FEFE"}
2023-07/21/-10:33:52.687   INFO  SourceLogger - {"Devicetime":"20360708103234","Clientime":"20230721103221","value":"FDFD0040A32038363932393830353837363737303800000000B10100DE4D01E03939393939AAAAAAAA0176A6280F2D1D500EC43200030E3B0E540E4E4E4FFEFE"}
2023-07/21/-11:23:41.182   INFO  SourceLogger - {"Devicetime":"20360707112057","Clientime":"20230721111427","value":"FDFD0040A32038363932393830353837383533373900000000B10101640B01E03939393939AAAAAAAA0176A628134D3C500EC832000308CA08210898CE22FEFE"}
2023-07/21/-11:23:41.197   INFO  SourceLogger - {"Devicetime":"20360707112057","Clientime":"20230721111943","value":"FDFD0040A32038363932393830353838313031393300000000B10101640B01E03939393939AAAAAAAA0176A628134D3C500EC832000308CA082108982764FEFE"}
2023-07/21/-11:23:41.209   INFO  SourceLogger - {"Devicetime":"20360707112057","Clientime":"20230721112741","value":"FDFD0040A32038363932393830353837393739323900000000B10101640B01E03939393939AAAAAAAA0176A628134D3C500EC832000308CA082108981438FEFE"}
2023-07/21/-11:23:41.221   INFO  SourceLogger - {"Devicetime":"20360707112057","Clientime":"20230721112117","value":"FDFD0040A32038363932393830353837363737303800000000B10101640B01E03939393939AAAAAAAA0176A628134D3C500EC832000308CA082108987EC9FEFE"}
2023-07/21/-11:43:08.243   INFO  SourceLogger - {"Devicetime":"20360707114205","Clientime":"20230721114024","value":"FDFD0040A32038363932393830353837363737303800000000B10103505301E03939393939AAAAAAAA0176A628136541500EB23000030E2F0DDE0D487541FEFE"}
2023-07/21/-11:43:08.248   INFO  SourceLogger - {"Devicetime":"20360707114205","Clientime":"20230721113231","value":"FDFD0040A32038363932393830353837383533373900000000B10103505301E03939393939AAAAAAAA0176A628136541500EB23000030E2F0DDE0D48C5AAFEFE"}
2023-07/21/-11:43:08.261   INFO  SourceLogger - {"Devicetime":"20360707114205","Clientime":"20230721113832","value":"FDFD0040A32038363932393830353838313031393300000000B10103505301E03939393939AAAAAAAA0176A628136541500EB23000030E2F0DDE0D482CECFEFE"}
2023-07/21/-11:43:08.261   INFO  SourceLogger - {"Devicetime":"20360707114205","Clientime":"20230721114808","value":"FDFD0040A32038363932393830353837393739323900000000B10103505301E03939393939AAAAAAAA0176A628136541500EB23000030E2F0DDE0D481FB0FEFE"}
2023-07/21/-12:02:08.883   INFO  SourceLogger - {"Devicetime":"20360708120054","Clientime":"20230721115655","value":"FDFD0040A32038363932393830353838313031393300000000B10100005E01E03939393939AAAAAAAA0176A628156323500EB83100030A02099E0921B587FEFE"}
2023-07/21/-12:02:08.888   INFO  SourceLogger - {"Devicetime":"20360708120054","Clientime":"20230721120808","value":"FDFD0040A32038363932393830353837393739323900000000B10100005E01E03939393939AAAAAAAA0176A628156323500EB83100030A02099E092186DBFEFE"}
2023-07/21/-12:02:08.901   INFO  SourceLogger - {"Devicetime":"20360708120054","Clientime":"20230721115012","value":"FDFD0040A32038363932393830353837383533373900000000B10100005E01E03939393939AAAAAAAA0176A628156323500EB83100030A02099E09215CC1FEFE"}
2023-07/21/-12:02:08.902   INFO  SourceLogger - {"Devicetime":"20360708120054","Clientime":"20230721115905","value":"FDFD0040A32038363932393830353837363737303800000000B10100005E01E03939393939AAAAAAAA0176A628156323500EB83100030A02099E0921EC2AFEFE"}
2023-07/21/-12:02:11.641   INFO  SourceLogger - {"Devicetime":"20360708120154","Clientime":"20230721115657","value":"FDFD0040A32038363932393830353838313031393300000000B10103520A01E03939393939AAAAAAAA0176A62815642E500EBE3100030DEA0DB20D6DE5ECFEFE"}
2023-07/21/-12:02:11.642   INFO  SourceLogger - {"Devicetime":"20360708120154","Clientime":"20230721115908","value":"FDFD0040A32038363932393830353837363737303800000000B10103520A01E03939393939AAAAAAAA0176A62815642E500EBE3100030DEA0DB20D6DBC41FEFE"}
2023-07/21/-12:02:11.644   INFO  SourceLogger - {"Devicetime":"20360708120154","Clientime":"20230721120811","value":"FDFD0040A32038363932393830353837393739323900000000B10103520A01E03939393939AAAAAAAA0176A62815642E500EBE3100030DEA0DB20D6DD6B0FEFE"}
2023-07/21/-12:02:11.650   INFO  SourceLogger - {"Devicetime":"20360708120154","Clientime":"20230721115015","value":"FDFD0040A32038363932393830353837383533373900000000B10103520A01E03939393939AAAAAAAA0176A62815642E500EBE3100030DEA0DB20D6D0CAAFEFE"}
2023-07/21/-12:02:58.646   INFO  SourceLogger - {"Devicetime":"20360708115655","Clientime":"20230721115058","value":"FDFD0040A32038363932393830353837383533373900000000B10103525801E03939393939AAAAAAAA0176A6280F2C16500EB23000030CBE0CEA0CF6DCB0FEFE"}
2023-07/21/-12:02:58.657   INFO  SourceLogger - {"Devicetime":"20360708115655","Clientime":"20230721115743","value":"FDFD0040A32038363932393830353838313031393300000000B10103525801E03939393939AAAAAAAA0176A6280F2C16500EB23000030CBE0CEA0CF635F6FEFE"}
2023-07/21/-12:02:58.667   INFO  SourceLogger - {"Devicetime":"20360708115655","Clientime":"20230721115954","value":"FDFD0040A32038363932393830353837363737303800000000B10103525801E03939393939AAAAAAAA0176A6280F2C16500EB23000030CBE0CEA0CF66C5BFEFE"}
2023-07/21/-12:02:58.670   INFO  SourceLogger - {"Devicetime":"20360708115655","Clientime":"20230721120900","value":"FDFD0040A32038363932393830353837393739323900000000B10103525801E03939393939AAAAAAAA0176A6280F2C16500EB23000030CBE0CEA0CF606AAFEFE"}
2023-07/21/-12:03:38.022   INFO  SourceLogger - {"Devicetime":"20360708120123","Clientime":"20230721115821","value":"FDFD0040A32038363932393830353838313031393300000000B10101085501E03939393939AAAAAAAA0176A6280F3E4F500EC2320003088507DC0791391FFEFE"}
2023-07/21/-12:03:38.031   INFO  SourceLogger - {"Devicetime":"20360708120123","Clientime":"20230721120941","value":"FDFD0040A32038363932393830353837393739323900000000B10101085501E03939393939AAAAAAAA0176A6280F3E4F500EC2320003088507DC07910A43FEFE"}
2023-07/21/-12:03:38.041   INFO  SourceLogger - {"Devicetime":"20360708120123","Clientime":"20230721115135","value":"FDFD0040A32038363932393830353837383533373900000000B10101085501E03939393939AAAAAAAA0176A6280F3E4F500EC2320003088507DC0791D059FEFE"}
2023-07/21/-12:03:38.057   INFO  SourceLogger - {"Devicetime":"20360708120123","Clientime":"20230721120033","value":"FDFD0040A32038363932393830353837363737303800000000B10101085501E03939393939AAAAAAAA0176A6280F3E4F500EC2320003088507DC079160B2FEFE"}
2023-07/21/-12:05:46.935   INFO  SourceLogger - {"Devicetime":"20360708115932","Clientime":"20230721120240","value":"FDFD0040A32038363932393830353837363737303800000000B10103520B01E03939393939AAAAAAAA0176A628131D4C500ECA330003086C080E080E729EFEFE"}
2023-07/21/-12:05:46.938   INFO  SourceLogger - {"Devicetime":"20360708115932","Clientime":"20230721115335","value":"FDFD0040A32038363932393830353837383533373900000000B10103520B01E03939393939AAAAAAAA0176A628131D4C500ECA330003086C080E080EC275FEFE"}
2023-07/21/-14:44:43.008   INFO  SourceLogger - {"Devicetime":"20360707144349","Clientime":"20230721144017","value":"FDFD0040A32038363932393830353838313031393300000000B10102785101E03939393939AAAAAAAA0176A6280E2A17500EBA3100030D930DF00DF7E5DBFEFE"}
2023-07/21/-14:44:43.016   INFO  SourceLogger - {"Devicetime":"20360707144349","Clientime":"20230721143459","value":"FDFD0040A32038363932393830353837383533373900000000B10102785101E03939393939AAAAAAAA0176A6280E2A17500EBA3100030D930DF00DF70C9DFEFE"}
2023-07/21/-14:44:43.029   INFO  SourceLogger - {"Devicetime":"20360707144349","Clientime":"20230721145022","value":"FDFD0040A32038363932393830353837393739323900000000B10102785101E03939393939AAAAAAAA0176A6280E2A17500EBA3100030D930DF00DF7D687FEFE"}
2023-07/21/-14:44:43.030   INFO  SourceLogger - {"Devicetime":"20360707144349","Clientime":"20230721144202","value":"FDFD0040A32038363932393830353837363737303800000000B10102785101E03939393939AAAAAAAA0176A6280E2A17500EBA3100030D930DF00DF7BC76FEFE"}
2023-07/21/-14:46:06.126   INFO  SourceLogger - {"Devicetime":"20360708144246","Clientime":"20230721143616","value":"FDFD0040A32038363932393830353837383533373900000000B10102374C01E23939393939AAAAAAAA0176A62815322A500EBA3100030DCB0DF00C8039DDFEFE"}
2023-07/21/-14:46:06.127   INFO  SourceLogger - {"Devicetime":"20360708144246","Clientime":"20230721145150","value":"FDFD0040A32038363932393830353837393739323900000000B10102374C01E23939393939AAAAAAAA0176A62815322A500EBA3100030DCB0DF00C80E3C7FEFE"}
2023-07/21/-14:46:06.138   INFO  SourceLogger - {"Devicetime":"20360708144246","Clientime":"20230721144138","value":"FDFD0040A32038363932393830353838313031393300000000B10102374C01E23939393939AAAAAAAA0176A62815322A500EBA3100030DCB0DF00C80D09BFEFE"}
2023-07/21/-14:46:06.162   INFO  SourceLogger - {"Devicetime":"20360708144246","Clientime":"20230721144324","value":"FDFD0040A32038363932393830353837363737303800000000B10102374C01E23939393939AAAAAAAA0176A62815322A500EBA3100030DCB0DF00C808936FEFE"}
2023-07/21/-14:47:00.048   INFO  SourceLogger - {"Devicetime":"20360708144305","Clientime":"20230721144230","value":"FDFD0040A32038363932393830353838313031393300000000B10103285501E03939393939AAAAAAAA0176A62818392D500EBC31000307C908850840C04BFEFE"}
2023-07/21/-14:47:00.141   INFO  SourceLogger - {"Devicetime":"20360708144305","Clientime":"20230721143706","value":"FDFD0040A32038363932393830353837383533373900000000B10103285501E03939393939AAAAAAAA0176A62818392D500EBC31000307C908850840290DFEFE"}
2023-07/21/-14:47:00.151   INFO  SourceLogger - {"Devicetime":"20360708144305","Clientime":"20230721145247","value":"FDFD0040A32038363932393830353837393739323900000000B10103285501E03939393939AAAAAAAA0176A62818392D500EBC31000307C908850840F317FEFE"}
2023-07/21/-14:47:00.159   INFO  SourceLogger - {"Devicetime":"20360708144305","Clientime":"20230721144417","value":"FDFD0040A32038363932393830353837363737303800000000B10103285501E03939393939AAAAAAAA0176A62818392D500EBC31000307C90885084099E6FEFE"}
2023-07/21/-14:47:23.007   INFO  SourceLogger - {"Devicetime":"20360708144326","Clientime":"20230721145311","value":"FDFD0040A32038363932393830353837393739323900000000B101010C5C01E03939393939AAAAAAAA0176A62813183E500EB43000030D480CC40CF6F53AFEFE"}
2023-07/21/-14:47:23.018   INFO  SourceLogger - {"Devicetime":"20360708144326","Clientime":"20230721144440","value":"FDFD0040A32038363932393830353837363737303800000000B101010C5C01E03939393939AAAAAAAA0176A62813183E500EB43000030D480CC40CF69FCBFEFE"}
2023-07/21/-14:49:05.360   INFO  SourceLogger - {"Devicetime":"20360708144253","Clientime":"20230721144431","value":"FDFD0040A32038363932393830353838313031393300000000B10100DC5201E03939393939AAAAAAAA0176A6280F101D500EC632000307DC07DC07E9DA7DFEFE"}
2023-07/21/-14:49:05.362   INFO  SourceLogger - {"Devicetime":"20360708144253","Clientime":"20230721143903","value":"FDFD0040A32038363932393830353837383533373900000000B10100DC5201E03939393939AAAAAAAA0176A6280F101D500EC632000307DC07DC07E9333BFEFE"}
2023-07/21/-14:49:05.405   INFO  SourceLogger - {"Devicetime":"20360708144253","Clientime":"20230721144621","value":"FDFD0040A32038363932393830353837363737303800000000B10100DC5201E03939393939AAAAAAAA0176A6280F101D500EC632000307DC07DC07E983D0FEFE"}
2023-07/21/-14:50:16.246   INFO  SourceLogger - {"Devicetime":"20360707144637","Clientime":"20230721144539","value":"FDFD0040A32038363932393830353838313031393300000000B10103500101E03939393939AAAAAAAA0176A62815062D500E922C00030E160E4E0DCBEF9BFEFE"}
2023-07/21/-14:50:16.259   INFO  SourceLogger - {"Devicetime":"20360707144637","Clientime":"20230721145613","value":"FDFD0040A32038363932393830353837393739323900000000B10103500101E03939393939AAAAAAAA0176A62815062D500E922C00030E160E4E0DCBDCC7FEFE"}
2023-07/21/-14:50:16.262   INFO  SourceLogger - {"Devicetime":"20360707144637","Clientime":"20230721144009","value":"FDFD0040A32038363932393830353837383533373900000000B10103500101E03939393939AAAAAAAA0176A62815062D500E922C00030E160E4E0DCB06DDFEFE"}
2023-07/21/-14:50:16.277   INFO  SourceLogger - {"Devicetime":"20360707144637","Clientime":"20230721144730","value":"FDFD0040A32038363932393830353837363737303800000000B10103500101E03939393939AAAAAAAA0176A62815062D500E922C00030E160E4E0DCBB636FEFE"}
2023-07/21/-14:53:18.098   INFO  SourceLogger - {"Devicetime":"20360708145003","Clientime":"20230721144835","value":"FDFD0040A32038363932393830353838313031393300000000B101003A5701E03939393939AAAAAAAA0176A628132A41500EAC2F00030BAB0B9F0B9FB420FEFE"}
2023-07/21/-14:53:18.109   INFO  SourceLogger - {"Devicetime":"20360708145003","Clientime":"20230721144258","value":"FDFD0040A32038363932393830353837383533373900000000B101003A5701E03939393939AAAAAAAA0176A628132A41500EAC2F00030BAB0B9F0B9F5D66FEFE"}
2023-07/21/-14:53:18.116   INFO  SourceLogger - {"Devicetime":"20360708145003","Clientime":"20230721145924","value":"FDFD0040A32038363932393830353837393739323900000000B101003A5701E03939393939AAAAAAAA0176A628132A41500EAC2F00030BAB0B9F0B9F877CFEFE"}
2023-07/21/-14:53:18.118   INFO  SourceLogger - {"Devicetime":"20360708145003","Clientime":"20230721145029","value":"FDFD0040A32038363932393830353837363737303800000000B101003A5701E03939393939AAAAAAAA0176A628132A41500EAC2F00030BAB0B9F0B9FED8DFEFE"}
2023-07/21/-14:55:18.548   INFO  SourceLogger - {"Devicetime":"20360707145403","Clientime":"20230721144450","value":"FDFD0040A32038363932393830353837383533373900000000B101020F4801E03939393939AAAAAAAA0176A628156129500ECA3300030EAC0E480E225377FEFE"}
2023-07/21/-14:55:30.396   INFO  SourceLogger - {"Devicetime":"20360708145213","Clientime":"20230721145043","value":"FDFD0040A32038363932393830353838313031393300000000B101034C5F01E03939393939AAAAAAAA0176A62815472A500EAA2F00030E610E740DEAB9E9FEFE"}
2023-07/21/-14:55:30.408   INFO  SourceLogger - {"Devicetime":"20360708145213","Clientime":"20230721150144","value":"FDFD0040A32038363932393830353837393739323900000000B101034C5F01E03939393939AAAAAAAA0176A62815472A500EAA2F00030E610E740DEA8AB5FEFE"}
2023-07/21/-14:55:30.426   INFO  SourceLogger - {"Devicetime":"20360708145213","Clientime":"20230721145239","value":"FDFD0040A32038363932393830353837363737303800000000B101034C5F01E03939393939AAAAAAAA0176A62815472A500EAA2F00030E610E740DEAE044FEFE"}
2023-07/21/-14:57:03.562   INFO  SourceLogger - {"Devicetime":"20360707145542","Clientime":"20230721145213","value":"FDFD0040A32038363932393830353838313031393300000000B101016D5101E03939393939AAAAAAAA0176A6280E4D19500EBA310003081B08B70846956FFEFE"}
2023-07/21/-14:57:03.576   INFO  SourceLogger - {"Devicetime":"20360707145542","Clientime":"20230721144627","value":"FDFD0040A32038363932393830353837383533373900000000B101016D5101E03939393939AAAAAAAA0176A6280E4D19500EBA310003081B08B708467C29FEFE"}
2023-07/21/-14:57:03.599   INFO  SourceLogger - {"Devicetime":"20360707145542","Clientime":"20230721145411","value":"FDFD0040A32038363932393830353837363737303800000000B101016D5101E03939393939AAAAAAAA0176A6280E4D19500EBA310003081B08B70846CCC2FEFE"}
2023-07/21/-14:57:17.917   INFO  SourceLogger - {"Devicetime":"20360707145620","Clientime":"20230721145227","value":"FDFD0040A32038363932393830353838313031393300000000B101034D0B01E03939393939AAAAAAAA0176A6280F1515500EBE3100030D160D350CC4293FFEFE"}
2023-07/21/-14:57:17.938   INFO  SourceLogger - {"Devicetime":"20360707145620","Clientime":"20230721145425","value":"FDFD0040A32038363932393830353837363737303800000000B101034D0B01E03939393939AAAAAAAA0176A6280F1515500EBE3100030D160D350CC47092FEFE"}
2023-07/21/-14:57:17.939   INFO  SourceLogger - {"Devicetime":"20360707145620","Clientime":"20230721144641","value":"FDFD0040A32038363932393830353837383533373900000000B101034D0B01E03939393939AAAAAAAA0176A6280F1515500EBE3100030D160D350CC4C079FEFE"}
2023-07/21/-14:57:17.940   INFO  SourceLogger - {"Devicetime":"20360707145620","Clientime":"20230721150337","value":"FDFD0040A32038363932393830353837393739323900000000B101034D0B01E03939393939AAAAAAAA0176A6280F1515500EBE3100030D160D350CC41A63FEFE"}
2023-07/21/-15:19:50.823   INFO  SourceLogger - {"Devicetime":"20360708151918","Clientime":"20230721150739","value":"FDFD0040A32038363932393830353837383533373900000000B10101905F01E03939393939AAAAAAAA0176A6280F3B16500EC23100030E100DD70D86E2E5FEFE"}
2023-07/21/-15:19:50.830   INFO  SourceLogger - {"Devicetime":"20360708151918","Clientime":"20230721151416","value":"FDFD0040A32038363932393830353838313031393300000000B10101905F01E03939393939AAAAAAAA0176A6280F3B16500EC23100030E100DD70D860BA3FEFE"}
2023-07/21/-15:19:50.851   INFO  SourceLogger - {"Devicetime":"20360708151918","Clientime":"20230721152720","value":"FDFD0040A32038363932393830353837393739323900000000B10101905F01E03939393939AAAAAAAA0176A6280F3B16500EC23100030E100DD70D8638FFFEFE"}
2023-07/21/-15:19:50.864   INFO  SourceLogger - {"Devicetime":"20360708151918","Clientime":"20230721151635","value":"FDFD0040A32038363932393830353837363737303800000000B10101905F01E03939393939AAAAAAAA0176A6280F3B16500EC23100030E100DD70D86520EFEFE"}
2023-07/21/-15:24:08.665   INFO  SourceLogger - {"Devicetime":"20360708151737","Clientime":"20230721151825","value":"FDFD0040A32038363932393830353838313031393300000000B101034F0A01E03939393939AAAAAAAA0176A62813383E500ECE3300030D670D7A0CDDE370FEFE"}
2023-07/21/-15:24:08.740   INFO  SourceLogger - {"Devicetime":"20360708151737","Clientime":"20230721153151","value":"FDFD0040A32038363932393830353837393739323900000000B101034F0A01E03939393939AAAAAAAA0176A62813383E500ECE3300030D670D7A0CDDD02CFEFE"}
2023-07/21/-15:24:08.743   INFO  SourceLogger - {"Devicetime":"20360708151737","Clientime":"20230721151139","value":"FDFD0040A32038363932393830353837383533373900000000B101034F0A01E03939393939AAAAAAAA0176A62813383E500ECE3300030D670D7A0CDD0A36FEFE"}
2023-07/21/-15:24:08.767   INFO  SourceLogger - {"Devicetime":"20360708151737","Clientime":"20230721152355","value":"FDFD0040A32038363932393830353837363737303800000000B101034F0A01E03939393939AAAAAAAA0176A62813383E500ECE3300030D670D7A0CDDBADDFEFE"}
2023-07/21/-15:25:41.183   INFO  SourceLogger - {"Devicetime":"20360708151904","Clientime":"20230721151955","value":"FDFD0040A32038363932393830353838313031393300000000B101034F4E01E03939393939AAAAAAAA0176A6280F534F500EB4300003081408DC07D6C0EBFEFE"}
2023-07/21/-15:25:41.194   INFO  SourceLogger - {"Devicetime":"20360708151904","Clientime":"20230721151305","value":"FDFD0040A32038363932393830353837383533373900000000B101034F4E01E03939393939AAAAAAAA0176A6280F534F500EB4300003081408DC07D629ADFEFE"}
2023-07/21/-15:25:41.211   INFO  SourceLogger - {"Devicetime":"20360708151904","Clientime":"20230721153328","value":"FDFD0040A32038363932393830353837393739323900000000B101034F4E01E03939393939AAAAAAAA0176A6280F534F500EB4300003081408DC07D6F3B7FEFE"}
2023-07/21/-15:25:41.213   INFO  SourceLogger - {"Devicetime":"20360708151904","Clientime":"20230721152526","value":"FDFD0040A32038363932393830353837363737303800000000B101034F4E01E03939393939AAAAAAAA0176A6280F534F500EB4300003081408DC07D69946FEFE"}
2023-07/21/-15:28:06.284   INFO  SourceLogger - {"Devicetime":"20360708152725","Clientime":"20230721152215","value":"FDFD0040A32038363932393830353838313031393300000000B10101005201E03939393939AAAAAAAA0176A628154E1E500EAE2F00030E350D8C0D0FF1F2FEFE"}
2023-07/21/-15:28:06.290   INFO  SourceLogger - {"Devicetime":"20360708152725","Clientime":"20230721153601","value":"FDFD0040A32038363932393830353837393739323900000000B10101005201E03939393939AAAAAAAA0176A628154E1E500EAE2F00030E350D8C0D0FC2AEFEFE"}
2023-07/21/-15:28:06.303   INFO  SourceLogger - {"Devicetime":"20360708152725","Clientime":"20230721152749","value":"FDFD0040A32038363932393830353837363737303800000000B10101005201E03939393939AAAAAAAA0176A628154E1E500EAE2F00030E350D8C0D0FA85FFEFE"}
2023-07/21/-15:28:06.303   INFO  SourceLogger - {"Devicetime":"20360708152725","Clientime":"20230721151520","value":"FDFD0040A32038363932393830353837383533373900000000B10101005201E03939393939AAAAAAAA0176A628154E1E500EAE2F00030E350D8C0D0F18B4FEFE"}
2023-07/21/-15:28:28.247   INFO  SourceLogger - {"Devicetime":"20360708152747","Clientime":"20230721152236","value":"FDFD0040A32038363932393830353838313031393300000000B10100FA4701E03939393939AAAAAAAA0176A628151921500E982D00030D2F0CBE0CC40F97FEFE"}
2023-07/21/-15:28:28.247   INFO  SourceLogger - {"Devicetime":"20360708152747","Clientime":"20230721151540","value":"FDFD0040A32038363932393830353837383533373900000000B10100FA4701E03939393939AAAAAAAA0176A628151921500E982D00030D2F0CBE0CC4E6D1FEFE"}
2023-07/21/-15:28:28.256   INFO  SourceLogger - {"Devicetime":"20360708152747","Clientime":"20230721153624","value":"FDFD0040A32038363932393830353837393739323900000000B10100FA4701E03939393939AAAAAAAA0176A628151921500E982D00030D2F0CBE0CC43CCBFEFE"}
2023-07/21/-15:28:28.267   INFO  SourceLogger - {"Devicetime":"20360708152747","Clientime":"20230721152810","value":"FDFD0040A32038363932393830353837363737303800000000B10100FA4701E03939393939AAAAAAAA0176A628151921500E982D00030D2F0CBE0CC4563AFEFE"}
2023-07/21/-15:29:12.444   INFO  SourceLogger - {"Devicetime":"20360708152634","Clientime":"20230721152319","value":"FDFD0040A32038363932393830353838313031393300000000B10103516101E03939393939AAAAAAAA0176A62815172D500EBA3100030E3B0E860DDE39A7FEFE"}
2023-07/21/-15:29:12.550   INFO  SourceLogger - {"Devicetime":"20360708152634","Clientime":"20230721151621","value":"FDFD0040A32038363932393830353837383533373900000000B10103516101E03939393939AAAAAAAA0176A62815172D500EBA3100030E3B0E860DDED0E1FEFE"}
2023-07/21/-15:29:12.555   INFO  SourceLogger - {"Devicetime":"20360708152634","Clientime":"20230721153711","value":"FDFD0040A32038363932393830353837393739323900000000B10103516101E03939393939AAAAAAAA0176A62815172D500EBA3100030E3B0E860DDE0AFBFEFE"}
2023-07/21/-15:29:12.558   INFO  SourceLogger - {"Devicetime":"20360708152634","Clientime":"20230721152854","value":"FDFD0040A32038363932393830353837363737303800000000B10103516101E03939393939AAAAAAAA0176A62815172D500EBA3100030E3B0E860DDE600AFEFE"}
